<?xml version="1.0" encoding="UTF-8"?>
<!-- Generated by org.testng.reporters.JUnitReportReporter -->
<testsuite hostname="Ryota" failures="0" tests="4" name="MyTestCases" time="0.082" errors="0" timestamp="2024-09-02T17:11:20 AST" skipped="0">
  <testcase classname="MyTestCases" name="updateData" time="0.002"/>
  <system-out/>
  <testcase classname="MyTestCases" name="addData" time="0.046"/>
  <system-out/>
  <testcase classname="MyTestCases" name="deleteData" time="0.005"/>
  <system-out/>
  <testcase classname="MyTestCases" name="selectData" time="0.029"/>
  <system-out/>
</testsuite> <!-- MyTestCases -->
